0 info it worked if it ends with ok
1 verbose cli [ '/usr/bin/nodejs', '/usr/bin/npm', 'install', '-g', 'grunt-cli' ]
2 info using npm@1.3.10
3 info using node@v0.10.25
4 verbose cache add [ 'grunt-cli', null ]
5 verbose cache add name=undefined spec="grunt-cli" args=["grunt-cli",null]
6 verbose parsed url { protocol: null,
6 verbose parsed url   slashes: null,
6 verbose parsed url   auth: null,
6 verbose parsed url   host: null,
6 verbose parsed url   port: null,
6 verbose parsed url   hostname: null,
6 verbose parsed url   hash: null,
6 verbose parsed url   search: null,
6 verbose parsed url   query: null,
6 verbose parsed url   pathname: 'grunt-cli',
6 verbose parsed url   path: 'grunt-cli',
6 verbose parsed url   href: 'grunt-cli' }
7 silly lockFile 671ef8ac-grunt-cli grunt-cli
8 verbose lock grunt-cli /home/force/.npm/671ef8ac-grunt-cli.lock
9 silly lockFile 671ef8ac-grunt-cli grunt-cli
10 silly lockFile 671ef8ac-grunt-cli grunt-cli
11 verbose addNamed [ 'grunt-cli', '' ]
12 verbose addNamed [ null, '*' ]
13 silly lockFile d63f3d0b-grunt-cli grunt-cli@
14 verbose lock grunt-cli@ /home/force/.npm/d63f3d0b-grunt-cli.lock
15 silly addNameRange { name: 'grunt-cli', range: '*', hasData: false }
16 verbose url raw grunt-cli
17 verbose url resolving [ 'https://registry.npmjs.org/', './grunt-cli' ]
18 verbose url resolved https://registry.npmjs.org/grunt-cli
19 info trying registry request attempt 1 at 01:29:00
20 http GET https://registry.npmjs.org/grunt-cli
21 http 200 https://registry.npmjs.org/grunt-cli
22 silly registry.get cb [ 200,
22 silly registry.get   { server: 'CouchDB/1.5.0 (Erlang OTP/R16B03)',
22 silly registry.get     etag: '"8RUNT1XCPHZQ6GDQ28V6ZMKNO"',
22 silly registry.get     'content-type': 'application/json',
22 silly registry.get     'cache-control': 'max-age=300',
22 silly registry.get     'content-length': '32103',
22 silly registry.get     'accept-ranges': 'bytes',
22 silly registry.get     date: 'Sat, 29 Oct 2016 01:29:01 GMT',
22 silly registry.get     via: '1.1 varnish',
22 silly registry.get     age: '53',
22 silly registry.get     connection: 'keep-alive',
22 silly registry.get     'x-served-by': 'cache-iad2144-IAD',
22 silly registry.get     'x-cache': 'HIT',
22 silly registry.get     'x-cache-hits': '1',
22 silly registry.get     'x-timer': 'S1477704541.226020,VS0,VE0',
22 silly registry.get     vary: 'Accept-Encoding' } ]
23 silly addNameRange number 2 { name: 'grunt-cli', range: '*', hasData: true }
24 silly addNameRange versions [ 'grunt-cli',
24 silly addNameRange   [ '0.1.0',
24 silly addNameRange     '0.1.1',
24 silly addNameRange     '0.1.2',
24 silly addNameRange     '0.1.3',
24 silly addNameRange     '0.1.4',
24 silly addNameRange     '0.1.5',
24 silly addNameRange     '0.1.6',
24 silly addNameRange     '0.1.7',
24 silly addNameRange     '0.1.8',
24 silly addNameRange     '0.1.9',
24 silly addNameRange     '0.1.10',
24 silly addNameRange     '0.1.11',
24 silly addNameRange     '0.1.12',
24 silly addNameRange     '0.1.13',
24 silly addNameRange     '1.0.0-rc1',
24 silly addNameRange     '1.0.0',
24 silly addNameRange     '1.0.1',
24 silly addNameRange     '1.1.0',
24 silly addNameRange     '1.2.0' ] ]
25 verbose addNamed [ 'grunt-cli', '1.2.0' ]
26 verbose addNamed [ '1.2.0', '1.2.0' ]
27 silly lockFile 923e46ff-grunt-cli-1-2-0 grunt-cli@1.2.0
28 verbose lock grunt-cli@1.2.0 /home/force/.npm/923e46ff-grunt-cli-1-2-0.lock
29 silly lockFile 26cc79a9-rg-grunt-cli-grunt-cli-1-2-0-tgz https://registry.npmjs.org/grunt-cli/-/grunt-cli-1.2.0.tgz
30 verbose lock https://registry.npmjs.org/grunt-cli/-/grunt-cli-1.2.0.tgz /home/force/.npm/26cc79a9-rg-grunt-cli-grunt-cli-1-2-0-tgz.lock
31 verbose addRemoteTarball [ 'https://registry.npmjs.org/grunt-cli/-/grunt-cli-1.2.0.tgz',
31 verbose addRemoteTarball   '562b119ebb069ddb464ace2845501be97b35b6a8' ]
32 info retry fetch attempt 1 at 01:29:00
33 verbose fetch to= /home/force/tmp/npm-17530-3KzcePX2/1477704540585-0.328813714440912/tmp.tgz
34 http GET https://registry.npmjs.org/grunt-cli/-/grunt-cli-1.2.0.tgz
35 http 200 https://registry.npmjs.org/grunt-cli/-/grunt-cli-1.2.0.tgz
36 verbose tar unpack /home/force/tmp/npm-17530-3KzcePX2/1477704540585-0.328813714440912/tmp.tgz
37 silly lockFile 7faf18b4-540585-0-328813714440912-package tar:///home/force/tmp/npm-17530-3KzcePX2/1477704540585-0.328813714440912/package
38 verbose lock tar:///home/force/tmp/npm-17530-3KzcePX2/1477704540585-0.328813714440912/package /home/force/.npm/7faf18b4-540585-0-328813714440912-package.lock
39 silly lockFile 6ed19d4b-540585-0-328813714440912-tmp-tgz tar:///home/force/tmp/npm-17530-3KzcePX2/1477704540585-0.328813714440912/tmp.tgz
40 verbose lock tar:///home/force/tmp/npm-17530-3KzcePX2/1477704540585-0.328813714440912/tmp.tgz /home/force/.npm/6ed19d4b-540585-0-328813714440912-tmp-tgz.lock
41 silly gunzTarPerm modes [ '755', '644' ]
42 silly gunzTarPerm extractEntry package.json
43 silly gunzTarPerm extractEntry README.md
44 silly gunzTarPerm extractEntry CHANGELOG.md
45 silly gunzTarPerm extractEntry bin/grunt
46 silly gunzTarPerm extractEntry completion/bash
47 silly gunzTarPerm extractEntry completion/zsh
48 silly gunzTarPerm extractEntry lib/cli.js
49 silly gunzTarPerm extractEntry lib/completion.js
50 silly gunzTarPerm extractEntry lib/info.js
51 silly lockFile 7faf18b4-540585-0-328813714440912-package tar:///home/force/tmp/npm-17530-3KzcePX2/1477704540585-0.328813714440912/package
52 silly lockFile 7faf18b4-540585-0-328813714440912-package tar:///home/force/tmp/npm-17530-3KzcePX2/1477704540585-0.328813714440912/package
53 silly lockFile 6ed19d4b-540585-0-328813714440912-tmp-tgz tar:///home/force/tmp/npm-17530-3KzcePX2/1477704540585-0.328813714440912/tmp.tgz
54 silly lockFile 6ed19d4b-540585-0-328813714440912-tmp-tgz tar:///home/force/tmp/npm-17530-3KzcePX2/1477704540585-0.328813714440912/tmp.tgz
55 verbose tar pack [ '/home/force/.npm/grunt-cli/1.2.0/package.tgz',
55 verbose tar pack   '/home/force/tmp/npm-17530-3KzcePX2/1477704540585-0.328813714440912/package' ]
56 verbose tarball /home/force/.npm/grunt-cli/1.2.0/package.tgz
57 verbose folder /home/force/tmp/npm-17530-3KzcePX2/1477704540585-0.328813714440912/package
58 silly lockFile 7faf18b4-540585-0-328813714440912-package tar:///home/force/tmp/npm-17530-3KzcePX2/1477704540585-0.328813714440912/package
59 verbose lock tar:///home/force/tmp/npm-17530-3KzcePX2/1477704540585-0.328813714440912/package /home/force/.npm/7faf18b4-540585-0-328813714440912-package.lock
60 silly lockFile c8f03575--npm-grunt-cli-1-2-0-package-tgz tar:///home/force/.npm/grunt-cli/1.2.0/package.tgz
61 verbose lock tar:///home/force/.npm/grunt-cli/1.2.0/package.tgz /home/force/.npm/c8f03575--npm-grunt-cli-1-2-0-package-tgz.lock
62 silly lockFile 7faf18b4-540585-0-328813714440912-package tar:///home/force/tmp/npm-17530-3KzcePX2/1477704540585-0.328813714440912/package
63 silly lockFile 7faf18b4-540585-0-328813714440912-package tar:///home/force/tmp/npm-17530-3KzcePX2/1477704540585-0.328813714440912/package
64 silly lockFile c8f03575--npm-grunt-cli-1-2-0-package-tgz tar:///home/force/.npm/grunt-cli/1.2.0/package.tgz
65 silly lockFile c8f03575--npm-grunt-cli-1-2-0-package-tgz tar:///home/force/.npm/grunt-cli/1.2.0/package.tgz
66 silly lockFile e563b1b1-orce-npm-grunt-cli-1-2-0-package /home/force/.npm/grunt-cli/1.2.0/package
67 verbose lock /home/force/.npm/grunt-cli/1.2.0/package /home/force/.npm/e563b1b1-orce-npm-grunt-cli-1-2-0-package.lock
68 silly lockFile e563b1b1-orce-npm-grunt-cli-1-2-0-package /home/force/.npm/grunt-cli/1.2.0/package
69 silly lockFile e563b1b1-orce-npm-grunt-cli-1-2-0-package /home/force/.npm/grunt-cli/1.2.0/package
70 verbose tar unpack /home/force/.npm/grunt-cli/1.2.0/package.tgz
71 silly lockFile 5617e7f9-orce-npm-grunt-cli-1-2-0-package tar:///home/force/.npm/grunt-cli/1.2.0/package
72 verbose lock tar:///home/force/.npm/grunt-cli/1.2.0/package /home/force/.npm/5617e7f9-orce-npm-grunt-cli-1-2-0-package.lock
73 silly lockFile c8f03575--npm-grunt-cli-1-2-0-package-tgz tar:///home/force/.npm/grunt-cli/1.2.0/package.tgz
74 verbose lock tar:///home/force/.npm/grunt-cli/1.2.0/package.tgz /home/force/.npm/c8f03575--npm-grunt-cli-1-2-0-package-tgz.lock
75 silly gunzTarPerm modes [ '755', '644' ]
76 silly gunzTarPerm extractEntry package.json
77 silly gunzTarPerm extractEntry README.md
78 silly gunzTarPerm extractEntry bin/grunt
79 silly gunzTarPerm extractEntry completion/bash
80 silly gunzTarPerm extractEntry completion/zsh
81 silly gunzTarPerm extractEntry lib/cli.js
82 silly gunzTarPerm extractEntry lib/completion.js
83 silly gunzTarPerm extractEntry lib/info.js
84 silly lockFile 5617e7f9-orce-npm-grunt-cli-1-2-0-package tar:///home/force/.npm/grunt-cli/1.2.0/package
85 silly lockFile 5617e7f9-orce-npm-grunt-cli-1-2-0-package tar:///home/force/.npm/grunt-cli/1.2.0/package
86 silly lockFile c8f03575--npm-grunt-cli-1-2-0-package-tgz tar:///home/force/.npm/grunt-cli/1.2.0/package.tgz
87 silly lockFile c8f03575--npm-grunt-cli-1-2-0-package-tgz tar:///home/force/.npm/grunt-cli/1.2.0/package.tgz
88 verbose chmod /home/force/.npm/grunt-cli/1.2.0/package.tgz 644
89 verbose chown /home/force/.npm/grunt-cli/1.2.0/package.tgz [ 1001, 1001 ]
90 silly lockFile 26cc79a9-rg-grunt-cli-grunt-cli-1-2-0-tgz https://registry.npmjs.org/grunt-cli/-/grunt-cli-1.2.0.tgz
91 silly lockFile 26cc79a9-rg-grunt-cli-grunt-cli-1-2-0-tgz https://registry.npmjs.org/grunt-cli/-/grunt-cli-1.2.0.tgz
92 silly lockFile 923e46ff-grunt-cli-1-2-0 grunt-cli@1.2.0
93 silly lockFile 923e46ff-grunt-cli-1-2-0 grunt-cli@1.2.0
94 silly lockFile d63f3d0b-grunt-cli grunt-cli@
95 silly lockFile d63f3d0b-grunt-cli grunt-cli@
96 silly resolved [ { name: 'grunt-cli',
96 silly resolved     description: 'The grunt command line interface',
96 silly resolved     version: '1.2.0',
96 silly resolved     author:
96 silly resolved      { name: 'Grunt Development Team',
96 silly resolved        url: 'http://gruntjs.com/development-team' },
96 silly resolved     repository: { type: 'git', url: 'git://github.com/gruntjs/grunt-cli' },
96 silly resolved     license: 'MIT',
96 silly resolved     engines: { node: '>=0.10.0' },
96 silly resolved     scripts: { test: 'node bin/grunt test' },
96 silly resolved     bin: { grunt: 'bin/grunt' },
96 silly resolved     dependencies:
96 silly resolved      { 'findup-sync': '~0.3.0',
96 silly resolved        'grunt-known-options': '~1.1.0',
96 silly resolved        nopt: '~3.0.6',
96 silly resolved        resolve: '~1.1.0' },
96 silly resolved     devDependencies: { grunt: '~0.4.5', 'grunt-contrib-jshint': '~1.0.0' },
96 silly resolved     files: [ 'bin', 'completion', 'lib' ],
96 silly resolved     appveyor_id: 'prp6g944b05jsq6d',
96 silly resolved     readme: '# grunt-cli [![Build Status: Linux](https://travis-ci.org/gruntjs/grunt-cli.svg?branch=master)](https://travis-ci.org/gruntjs/grunt-cli) [![Build Status: Windows](https://ci.appveyor.com/api/projects/status/prp6g944b05jsq6d/branch/master?svg=true)](https://ci.appveyor.com/project/gruntjs/grunt-cli/branch/master)\n\n> The Grunt command line interface.\n\nInstall this globally and you\'ll have access to the `grunt` command anywhere on your system.\n\n```shell\nnpm install -g grunt-cli\n```\n\n**Note:** The job of the `grunt` command is to load and run the version of Grunt you have installed locally to your project, irrespective of its version.  Starting with Grunt v0.4, you should never install Grunt itself globally.  For more information about why, [please read this](http://nodejs.org/en/blog/npm/npm-1-0-global-vs-local-installation).\n\nSee the [Getting Started](http://gruntjs.com/getting-started) guide for more information.\n\n## Shell tab auto-completion\nTo enable tab auto-completion for Grunt, add one of the following lines to your `~/.bashrc` or `~/.zshrc` file.\n\n```bash\n# Bash, ~/.bashrc\neval "$(grunt --completion=bash)"\n```\n\n```bash\n# Zsh, ~/.zshrc\neval "$(grunt --completion=zsh)"\n```\n\n## Installing grunt-cli locally\nIf you prefer the idiomatic Node.js method to get started with a project (`npm install && npm test`) then install grunt-cli locally with `npm install grunt-cli --save-dev`. Then add a script to your `package.json` to run the associated grunt command: `"scripts": { "test": "grunt test" } `. Now `npm test` will use the locally installed `./node_modules/.bin/grunt` executable to run your Grunt commands.\n\nTo read more about npm scripts, please visit the npm docs: <https://docs.npmjs.com/misc/scripts>.\n',
96 silly resolved     readmeFilename: 'README.md',
96 silly resolved     bugs: { url: 'https://github.com/gruntjs/grunt-cli/issues' },
96 silly resolved     _id: 'grunt-cli@1.2.0',
96 silly resolved     dist: { shasum: '467241982485e5fd3b9ff429a4dbc10e71ae7360' },
96 silly resolved     _from: 'grunt-cli@',
96 silly resolved     _resolved: 'https://registry.npmjs.org/grunt-cli/-/grunt-cli-1.2.0.tgz' } ]
97 info install grunt-cli@1.2.0 into /usr/local/lib
98 info installOne grunt-cli@1.2.0
99 info /usr/local/lib/node_modules/grunt-cli unbuild
100 verbose tar unpack /home/force/.npm/grunt-cli/1.2.0/package.tgz
101 silly lockFile 466968dc-local-lib-node-modules-grunt-cli tar:///usr/local/lib/node_modules/grunt-cli
102 verbose lock tar:///usr/local/lib/node_modules/grunt-cli /home/force/.npm/466968dc-local-lib-node-modules-grunt-cli.lock
103 silly lockFile c8f03575--npm-grunt-cli-1-2-0-package-tgz tar:///home/force/.npm/grunt-cli/1.2.0/package.tgz
104 verbose lock tar:///home/force/.npm/grunt-cli/1.2.0/package.tgz /home/force/.npm/c8f03575--npm-grunt-cli-1-2-0-package-tgz.lock
105 silly gunzTarPerm modes [ '755', '644' ]
106 error Error: EACCES, mkdir '/usr/local/lib/node_modules'
106 error  { [Error: EACCES, mkdir '/usr/local/lib/node_modules']
106 error   errno: 3,
106 error   code: 'EACCES',
106 error   path: '/usr/local/lib/node_modules',
106 error   fstream_type: 'Directory',
106 error   fstream_path: '/usr/local/lib/node_modules/grunt-cli',
106 error   fstream_class: 'DirWriter',
106 error   fstream_stack:
106 error    [ '/usr/lib/nodejs/fstream/lib/writer.js:171:23',
106 error      '/usr/lib/nodejs/mkdirp/index.js:37:53',
106 error      'Object.oncomplete (fs.js:107:15)' ] }
107 error Please try running this command again as root/Administrator.
108 error System Linux 3.13.0-88-generic
109 error command "/usr/bin/nodejs" "/usr/bin/npm" "install" "-g" "grunt-cli"
110 error cwd /home/force/node-v7.0.0-linux-x64/bin
111 error node -v v0.10.25
112 error npm -v 1.3.10
113 error path /usr/local/lib/node_modules
114 error fstream_path /usr/local/lib/node_modules/grunt-cli
115 error fstream_type Directory
116 error fstream_class DirWriter
117 error code EACCES
118 error errno 3
119 error stack Error: EACCES, mkdir '/usr/local/lib/node_modules'
120 error fstream_stack /usr/lib/nodejs/fstream/lib/writer.js:171:23
120 error fstream_stack /usr/lib/nodejs/mkdirp/index.js:37:53
120 error fstream_stack Object.oncomplete (fs.js:107:15)
121 verbose exit [ 3, true ]
